[http-nio-8080-exec-4] 2021-09-29 19:44:59 INFO  com.revature.bankapp.controller.CustomerController  - Start
[http-nio-8080-exec-4] 2021-09-29 19:44:59 DEBUG com.revature.bankapp.controller.CustomerController  - Customer [ firstName=John, lastName=Smith, email=john.smith@gmail.com, password=pwd123, phoneNumber=7236542882]
[http-nio-8080-exec-4] 2021-09-29 19:44:59 INFO  com.revature.bankapp.dao.Util  - Start
[http-nio-8080-exec-4] 2021-09-29 19:45:01 INFO  com.revature.bankapp.controller.CustomerController  - End
[http-nio-8080-exec-4] 2021-09-29 19:49:18 INFO  com.revature.bankapp.controller.CustomerController  - Start
[http-nio-8080-exec-4] 2021-09-29 19:49:18 DEBUG com.revature.bankapp.controller.CustomerController  - Customer [ firstName=John, lastName=Smith, email=john.smith@gmail.com, password=pwd123, phoneNumber=7236542882]
[http-nio-8080-exec-4] 2021-09-29 19:49:18 INFO  com.revature.bankapp.dao.impl.CustomerDaoImpl  - Start
[http-nio-8080-exec-4] 2021-09-29 19:49:18 DEBUG com.revature.bankapp.dao.impl.CustomerDaoImpl  - Customer [ firstName=John, lastName=Smith, email=john.smith@gmail.com, password=pwd123, phoneNumber=7236542882]
[http-nio-8080-exec-4] 2021-09-29 19:49:18 INFO  com.revature.bankapp.dao.Util  - Start
[http-nio-8080-exec-4] 2021-09-29 19:49:20 INFO  com.revature.bankapp.controller.CustomerController  - End
[http-nio-8080-exec-4] 2021-09-30 20:13:00 INFO  com.revature.bankapp.controller.CustomerController  - Start
[http-nio-8080-exec-4] 2021-09-30 20:13:00 DEBUG com.revature.bankapp.controller.CustomerController  - Customer [ firstName=sahithhhhh, lastName=D, email=sah.smith@gmail.com, password=pwd123, phoneNumber=7236542882]
[http-nio-8080-exec-4] 2021-09-30 20:13:00 INFO  com.revature.bankapp.dao.impl.CustomerDaoImpl  - Start
[http-nio-8080-exec-4] 2021-09-30 20:13:00 DEBUG com.revature.bankapp.dao.impl.CustomerDaoImpl  - Customer [ firstName=sahithhhhh, lastName=D, email=sah.smith@gmail.com, password=pwd123, phoneNumber=7236542882]
[http-nio-8080-exec-4] 2021-09-30 20:13:00 INFO  com.revature.bankapp.dao.Util  - Start
[http-nio-8080-exec-4] 2021-09-30 20:13:01 INFO  com.revature.bankapp.controller.CustomerController  - End
[http-nio-8080-exec-7] 2021-09-30 20:20:53 INFO  com.revature.bankapp.controller.CustomerController  - Start
[http-nio-8080-exec-7] 2021-09-30 20:20:53 DEBUG com.revature.bankapp.controller.CustomerController  - Customer [ firstName=sdd, lastName=sffsfsf, email=sahithcherry99@gmail.com, password=, phoneNumber=09618226200]
[http-nio-8080-exec-7] 2021-09-30 20:20:53 INFO  com.revature.bankapp.dao.impl.CustomerDaoImpl  - Start
[http-nio-8080-exec-7] 2021-09-30 20:20:53 DEBUG com.revature.bankapp.dao.impl.CustomerDaoImpl  - Customer [ firstName=sdd, lastName=sffsfsf, email=sahithcherry99@gmail.com, password=, phoneNumber=09618226200]
[http-nio-8080-exec-7] 2021-09-30 20:20:53 INFO  com.revature.bankapp.dao.Util  - Start
[http-nio-8080-exec-7] 2021-09-30 20:20:53 INFO  com.revature.bankapp.controller.CustomerController  - End
[http-nio-8080-exec-3] 2021-09-30 21:57:33 INFO  com.revature.bankapp.controller.CustomerController  - Start
[http-nio-8080-exec-3] 2021-09-30 21:57:33 DEBUG com.revature.bankapp.controller.CustomerController  - Customer [ firstName=Arshatullah, lastName=Mohammed, email=arshuprivate@gmail.com, password=eada, phoneNumber=9985171560]
[http-nio-8080-exec-3] 2021-09-30 21:57:33 INFO  com.revature.bankapp.dao.impl.CustomerDaoImpl  - Start
[http-nio-8080-exec-3] 2021-09-30 21:57:33 DEBUG com.revature.bankapp.dao.impl.CustomerDaoImpl  - Customer [ firstName=Arshatullah, lastName=Mohammed, email=arshuprivate@gmail.com, password=eada, phoneNumber=9985171560]
[http-nio-8080-exec-3] 2021-09-30 21:57:33 INFO  com.revature.bankapp.dao.Util  - Start
[http-nio-8080-exec-4] 2021-09-30 21:57:34 INFO  com.revature.bankapp.controller.CustomerController  - Start
[http-nio-8080-exec-4] 2021-09-30 21:57:34 DEBUG com.revature.bankapp.controller.CustomerController  - Customer [ firstName=Arshatullah, lastName=Mohammed, email=arshuprivate@gmail.com, password=eada, phoneNumber=9985171560]
[http-nio-8080-exec-4] 2021-09-30 21:57:34 INFO  com.revature.bankapp.dao.impl.CustomerDaoImpl  - Start
[http-nio-8080-exec-4] 2021-09-30 21:57:34 DEBUG com.revature.bankapp.dao.impl.CustomerDaoImpl  - Customer [ firstName=Arshatullah, lastName=Mohammed, email=arshuprivate@gmail.com, password=eada, phoneNumber=9985171560]
[http-nio-8080-exec-4] 2021-09-30 21:57:34 INFO  com.revature.bankapp.dao.Util  - Start
[http-nio-8080-exec-3] 2021-09-30 21:57:35 INFO  com.revature.bankapp.controller.CustomerController  - End
[http-nio-8080-exec-4] 2021-09-30 21:57:35 INFO  com.revature.bankapp.controller.CustomerController  - End
[http-nio-8080-exec-8] 2021-10-01 01:23:45 INFO  com.revature.bankapp.controller.CustomerController  - Start
[http-nio-8080-exec-8] 2021-10-01 01:23:45 DEBUG com.revature.bankapp.controller.CustomerController  - Customer [ firstName=, lastName=, email=, password=, phoneNumber=]
[http-nio-8080-exec-8] 2021-10-01 01:23:45 INFO  com.revature.bankapp.dao.impl.CustomerDaoImpl  - Start
[http-nio-8080-exec-8] 2021-10-01 01:23:45 DEBUG com.revature.bankapp.dao.impl.CustomerDaoImpl  - Customer [ firstName=, lastName=, email=, password=, phoneNumber=]
[http-nio-8080-exec-8] 2021-10-01 01:23:45 INFO  com.revature.bankapp.dao.Util  - Start
[http-nio-8080-exec-8] 2021-10-01 01:23:45 INFO  com.revature.bankapp.controller.CustomerController  - End
[http-nio-8080-exec-1] 2021-10-01 01:24:39 INFO  com.revature.bankapp.controller.CustomerController  - Start
[http-nio-8080-exec-1] 2021-10-01 01:24:39 DEBUG com.revature.bankapp.controller.CustomerController  - Customer [ firstName=, lastName=, email=, password=, phoneNumber=]
[http-nio-8080-exec-1] 2021-10-01 01:24:39 INFO  com.revature.bankapp.dao.impl.CustomerDaoImpl  - Start
[http-nio-8080-exec-1] 2021-10-01 01:24:39 DEBUG com.revature.bankapp.dao.impl.CustomerDaoImpl  - Customer [ firstName=, lastName=, email=, password=, phoneNumber=]
[http-nio-8080-exec-1] 2021-10-01 01:24:39 INFO  com.revature.bankapp.dao.Util  - Start
[http-nio-8080-exec-1] 2021-10-01 01:24:39 INFO  com.revature.bankapp.controller.CustomerController  - End
[http-nio-8080-exec-4] 2021-10-01 01:31:36 INFO  com.revature.bankapp.controller.CustomerController  - Start
[http-nio-8080-exec-4] 2021-10-01 01:31:36 DEBUG com.revature.bankapp.controller.CustomerController  - Customer [ firstName=, lastName=, email=, password=, phoneNumber=]
[http-nio-8080-exec-4] 2021-10-01 01:31:36 INFO  com.revature.bankapp.dao.impl.CustomerDaoImpl  - Start
[http-nio-8080-exec-4] 2021-10-01 01:31:36 DEBUG com.revature.bankapp.dao.impl.CustomerDaoImpl  - Customer [ firstName=, lastName=, email=, password=, phoneNumber=]
[http-nio-8080-exec-4] 2021-10-01 01:31:36 INFO  com.revature.bankapp.dao.Util  - Start
[http-nio-8080-exec-4] 2021-10-01 01:31:36 INFO  com.revature.bankapp.controller.CustomerController  - End
[http-nio-8080-exec-7] 2021-10-01 01:32:10 INFO  com.revature.bankapp.controller.CustomerController  - Start
[http-nio-8080-exec-7] 2021-10-01 01:32:10 DEBUG com.revature.bankapp.controller.CustomerController  - Customer [ firstName=, lastName=, email=, password=, phoneNumber=]
[http-nio-8080-exec-7] 2021-10-01 01:32:10 INFO  com.revature.bankapp.dao.impl.CustomerDaoImpl  - Start
[http-nio-8080-exec-7] 2021-10-01 01:32:10 DEBUG com.revature.bankapp.dao.impl.CustomerDaoImpl  - Customer [ firstName=, lastName=, email=, password=, phoneNumber=]
[http-nio-8080-exec-7] 2021-10-01 01:32:10 INFO  com.revature.bankapp.dao.Util  - Start
[http-nio-8080-exec-7] 2021-10-01 01:32:10 INFO  com.revature.bankapp.controller.CustomerController  - End
[http-nio-8080-exec-10] 2021-10-01 01:33:25 INFO  com.revature.bankapp.controller.CustomerController  - Start
[http-nio-8080-exec-10] 2021-10-01 01:33:25 DEBUG com.revature.bankapp.controller.CustomerController  - Customer [ firstName=, lastName=, email=, password=, phoneNumber=]
[http-nio-8080-exec-10] 2021-10-01 01:33:25 INFO  com.revature.bankapp.dao.impl.CustomerDaoImpl  - Start
[http-nio-8080-exec-10] 2021-10-01 01:33:25 DEBUG com.revature.bankapp.dao.impl.CustomerDaoImpl  - Customer [ firstName=, lastName=, email=, password=, phoneNumber=]
[http-nio-8080-exec-10] 2021-10-01 01:33:25 INFO  com.revature.bankapp.dao.Util  - Start
[http-nio-8080-exec-10] 2021-10-01 01:33:25 INFO  com.revature.bankapp.controller.CustomerController  - End
[http-nio-8080-exec-3] 2021-10-01 01:38:34 INFO  com.revature.bankapp.controller.CustomerController  - Start
[http-nio-8080-exec-3] 2021-10-01 01:38:34 DEBUG com.revature.bankapp.controller.CustomerController  - Customer [ firstName=, lastName=, email=, password=, phoneNumber=]
[http-nio-8080-exec-3] 2021-10-01 01:38:34 INFO  com.revature.bankapp.dao.impl.CustomerDaoImpl  - Start
[http-nio-8080-exec-3] 2021-10-01 01:38:34 DEBUG com.revature.bankapp.dao.impl.CustomerDaoImpl  - Customer [ firstName=, lastName=, email=, password=, phoneNumber=]
[http-nio-8080-exec-3] 2021-10-01 01:38:34 INFO  com.revature.bankapp.dao.Util  - Start
[http-nio-8080-exec-3] 2021-10-01 01:38:34 INFO  com.revature.bankapp.controller.CustomerController  - End
[http-nio-8080-exec-6] 2021-10-01 01:41:43 INFO  com.revature.bankapp.controller.CustomerController  - Start
[http-nio-8080-exec-6] 2021-10-01 01:41:43 DEBUG com.revature.bankapp.controller.CustomerController  - Customer [ firstName=, lastName=, email=, password=, phoneNumber=]
[http-nio-8080-exec-6] 2021-10-01 01:41:43 INFO  com.revature.bankapp.dao.impl.CustomerDaoImpl  - Start
[http-nio-8080-exec-6] 2021-10-01 01:41:43 DEBUG com.revature.bankapp.dao.impl.CustomerDaoImpl  - Customer [ firstName=, lastName=, email=, password=, phoneNumber=]
[http-nio-8080-exec-6] 2021-10-01 01:41:43 INFO  com.revature.bankapp.dao.Util  - Start
[http-nio-8080-exec-6] 2021-10-01 01:41:43 INFO  com.revature.bankapp.controller.CustomerController  - End
[http-nio-8080-exec-9] 2021-10-01 01:55:09 INFO  com.revature.bankapp.controller.CustomerController  - Start
[http-nio-8080-exec-9] 2021-10-01 01:55:09 DEBUG com.revature.bankapp.controller.CustomerController  - Customer [ firstName=, lastName=, email=, password=, phoneNumber=]
[http-nio-8080-exec-9] 2021-10-01 01:55:09 INFO  com.revature.bankapp.dao.impl.CustomerDaoImpl  - Start
[http-nio-8080-exec-9] 2021-10-01 01:55:09 DEBUG com.revature.bankapp.dao.impl.CustomerDaoImpl  - Customer [ firstName=, lastName=, email=, password=, phoneNumber=]
[http-nio-8080-exec-9] 2021-10-01 01:55:09 INFO  com.revature.bankapp.dao.Util  - Start
[http-nio-8080-exec-9] 2021-10-01 01:55:09 INFO  com.revature.bankapp.controller.CustomerController  - End
[http-nio-8080-exec-2] 2021-10-01 01:56:01 INFO  com.revature.bankapp.controller.CustomerController  - Start
[http-nio-8080-exec-2] 2021-10-01 01:56:01 DEBUG com.revature.bankapp.controller.CustomerController  - Customer [ firstName=arshuuuumowa, lastName=vro, email=coder@gmail.com, password=aea, phoneNumber=2451362457]
[http-nio-8080-exec-2] 2021-10-01 01:56:01 INFO  com.revature.bankapp.dao.impl.CustomerDaoImpl  - Start
[http-nio-8080-exec-2] 2021-10-01 01:56:01 DEBUG com.revature.bankapp.dao.impl.CustomerDaoImpl  - Customer [ firstName=arshuuuumowa, lastName=vro, email=coder@gmail.com, password=aea, phoneNumber=2451362457]
[http-nio-8080-exec-2] 2021-10-01 01:56:01 INFO  com.revature.bankapp.dao.Util  - Start
[http-nio-8080-exec-2] 2021-10-01 01:56:01 INFO  com.revature.bankapp.controller.CustomerController  - End
[http-nio-8080-exec-5] 2021-10-01 09:56:48 INFO  com.revature.bankapp.controller.CustomerController  - Start
[http-nio-8080-exec-5] 2021-10-01 09:56:48 DEBUG com.revature.bankapp.controller.CustomerController  - Customer [ firstName=, lastName=, email=, password=, phoneNumber=]
[http-nio-8080-exec-5] 2021-10-01 09:56:48 INFO  com.revature.bankapp.dao.impl.CustomerDaoImpl  - Start
[http-nio-8080-exec-5] 2021-10-01 09:56:48 DEBUG com.revature.bankapp.dao.impl.CustomerDaoImpl  - Customer [ firstName=, lastName=, email=, password=, phoneNumber=]
[http-nio-8080-exec-5] 2021-10-01 09:56:48 INFO  com.revature.bankapp.dao.Util  - Start
[http-nio-8080-exec-5] 2021-10-01 09:56:48 INFO  com.revature.bankapp.controller.CustomerController  - End
[http-nio-8080-exec-7] 2021-10-01 09:57:08 INFO  com.revature.bankapp.controller.CustomerController  - Start
[http-nio-8080-exec-7] 2021-10-01 09:57:08 DEBUG com.revature.bankapp.controller.CustomerController  - Customer [ firstName=, lastName=, email=, password=, phoneNumber=]
[http-nio-8080-exec-7] 2021-10-01 09:57:08 INFO  com.revature.bankapp.dao.impl.CustomerDaoImpl  - Start
[http-nio-8080-exec-7] 2021-10-01 09:57:08 DEBUG com.revature.bankapp.dao.impl.CustomerDaoImpl  - Customer [ firstName=, lastName=, email=, password=, phoneNumber=]
[http-nio-8080-exec-7] 2021-10-01 09:57:08 INFO  com.revature.bankapp.dao.Util  - Start
[http-nio-8080-exec-7] 2021-10-01 09:57:08 INFO  com.revature.bankapp.controller.CustomerController  - End
[http-nio-8080-exec-10] 2021-10-01 09:59:51 INFO  com.revature.bankapp.controller.CustomerController  - Start
[http-nio-8080-exec-10] 2021-10-01 09:59:51 DEBUG com.revature.bankapp.controller.CustomerController  - Customer [ firstName=, lastName=, email=, password=, phoneNumber=]
[http-nio-8080-exec-10] 2021-10-01 09:59:51 INFO  com.revature.bankapp.dao.impl.CustomerDaoImpl  - Start
[http-nio-8080-exec-10] 2021-10-01 09:59:51 DEBUG com.revature.bankapp.dao.impl.CustomerDaoImpl  - Customer [ firstName=, lastName=, email=, password=, phoneNumber=]
[http-nio-8080-exec-10] 2021-10-01 09:59:51 INFO  com.revature.bankapp.dao.Util  - Start
[http-nio-8080-exec-10] 2021-10-01 09:59:51 INFO  com.revature.bankapp.controller.CustomerController  - End
[http-nio-8080-exec-3] 2021-10-01 10:00:55 INFO  com.revature.bankapp.controller.CustomerController  - Start
[http-nio-8080-exec-3] 2021-10-01 10:00:55 DEBUG com.revature.bankapp.controller.CustomerController  - Customer [ firstName=, lastName=, email=, password=, phoneNumber=]
[http-nio-8080-exec-3] 2021-10-01 10:00:55 INFO  com.revature.bankapp.dao.impl.CustomerDaoImpl  - Start
[http-nio-8080-exec-3] 2021-10-01 10:00:55 DEBUG com.revature.bankapp.dao.impl.CustomerDaoImpl  - Customer [ firstName=, lastName=, email=, password=, phoneNumber=]
[http-nio-8080-exec-3] 2021-10-01 10:00:55 INFO  com.revature.bankapp.dao.Util  - Start
[http-nio-8080-exec-3] 2021-10-01 10:00:55 INFO  com.revature.bankapp.controller.CustomerController  - End
[http-nio-8080-exec-6] 2021-10-01 10:02:04 INFO  com.revature.bankapp.controller.CustomerController  - Start
[http-nio-8080-exec-6] 2021-10-01 10:02:04 DEBUG com.revature.bankapp.controller.CustomerController  - Customer [ firstName=, lastName=, email=, password=, phoneNumber=]
[http-nio-8080-exec-6] 2021-10-01 10:02:04 INFO  com.revature.bankapp.dao.impl.CustomerDaoImpl  - Start
[http-nio-8080-exec-6] 2021-10-01 10:02:04 DEBUG com.revature.bankapp.dao.impl.CustomerDaoImpl  - Customer [ firstName=, lastName=, email=, password=, phoneNumber=]
[http-nio-8080-exec-6] 2021-10-01 10:02:04 INFO  com.revature.bankapp.dao.Util  - Start
[http-nio-8080-exec-6] 2021-10-01 10:02:04 INFO  com.revature.bankapp.controller.CustomerController  - End
[http-nio-8080-exec-9] 2021-10-01 10:04:23 INFO  com.revature.bankapp.controller.CustomerController  - Start
[http-nio-8080-exec-9] 2021-10-01 10:04:23 DEBUG com.revature.bankapp.controller.CustomerController  - Customer [ firstName=, lastName=, email=, password=, phoneNumber=]
[http-nio-8080-exec-9] 2021-10-01 10:04:23 INFO  com.revature.bankapp.dao.impl.CustomerDaoImpl  - Start
[http-nio-8080-exec-9] 2021-10-01 10:04:23 DEBUG com.revature.bankapp.dao.impl.CustomerDaoImpl  - Customer [ firstName=, lastName=, email=, password=, phoneNumber=]
[http-nio-8080-exec-9] 2021-10-01 10:04:23 INFO  com.revature.bankapp.dao.Util  - Start
[http-nio-8080-exec-9] 2021-10-01 10:04:23 INFO  com.revature.bankapp.controller.CustomerController  - End
[http-nio-8080-exec-2] 2021-10-01 10:05:48 INFO  com.revature.bankapp.controller.CustomerController  - Start
[http-nio-8080-exec-2] 2021-10-01 10:05:48 DEBUG com.revature.bankapp.controller.CustomerController  - Customer [ firstName=, lastName=, email=, password=, phoneNumber=]
[http-nio-8080-exec-2] 2021-10-01 10:05:48 INFO  com.revature.bankapp.dao.impl.CustomerDaoImpl  - Start
[http-nio-8080-exec-2] 2021-10-01 10:05:48 DEBUG com.revature.bankapp.dao.impl.CustomerDaoImpl  - Customer [ firstName=, lastName=, email=, password=, phoneNumber=]
[http-nio-8080-exec-2] 2021-10-01 10:05:48 INFO  com.revature.bankapp.dao.Util  - Start
[http-nio-8080-exec-2] 2021-10-01 10:05:48 INFO  com.revature.bankapp.controller.CustomerController  - End
[http-nio-8080-exec-5] 2021-10-01 10:06:11 INFO  com.revature.bankapp.controller.CustomerController  - Start
[http-nio-8080-exec-5] 2021-10-01 10:06:11 DEBUG com.revature.bankapp.controller.CustomerController  - Customer [ firstName=, lastName=, email=, password=, phoneNumber=]
[http-nio-8080-exec-5] 2021-10-01 10:06:11 INFO  com.revature.bankapp.dao.impl.CustomerDaoImpl  - Start
[http-nio-8080-exec-5] 2021-10-01 10:06:11 DEBUG com.revature.bankapp.dao.impl.CustomerDaoImpl  - Customer [ firstName=, lastName=, email=, password=, phoneNumber=]
[http-nio-8080-exec-5] 2021-10-01 10:06:11 INFO  com.revature.bankapp.dao.Util  - Start
[http-nio-8080-exec-5] 2021-10-01 10:06:11 INFO  com.revature.bankapp.controller.CustomerController  - End
[http-nio-8080-exec-3] 2021-10-01 20:10:37 INFO  com.revature.bankapp.controller.CustomerController  - Start
[http-nio-8080-exec-3] 2021-10-01 20:10:38 DEBUG com.revature.bankapp.controller.CustomerController  - Customer [ firstName=, lastName=, email=, password=, phoneNumber=]
[http-nio-8080-exec-3] 2021-10-01 20:10:38 INFO  com.revature.bankapp.dao.impl.CustomerDaoImpl  - Start
[http-nio-8080-exec-3] 2021-10-01 20:10:38 DEBUG com.revature.bankapp.dao.impl.CustomerDaoImpl  - Customer [ firstName=, lastName=, email=, password=, phoneNumber=]
[http-nio-8080-exec-3] 2021-10-01 20:10:38 INFO  com.revature.bankapp.dao.Util  - Start
[http-nio-8080-exec-3] 2021-10-01 20:10:38 INFO  com.revature.bankapp.controller.CustomerController  - End
[http-nio-8080-exec-7] 2021-10-01 20:11:13 INFO  com.revature.bankapp.controller.CustomerController  - Start
[http-nio-8080-exec-7] 2021-10-01 20:11:13 DEBUG com.revature.bankapp.controller.CustomerController  - Customer [ firstName=arshuuuuu, lastName=coderrrrrr, email=sahith@gmail.com, password=sHITH@45, phoneNumber=9722377723]
[http-nio-8080-exec-7] 2021-10-01 20:11:13 INFO  com.revature.bankapp.dao.impl.CustomerDaoImpl  - Start
[http-nio-8080-exec-7] 2021-10-01 20:11:13 DEBUG com.revature.bankapp.dao.impl.CustomerDaoImpl  - Customer [ firstName=arshuuuuu, lastName=coderrrrrr, email=sahith@gmail.com, password=sHITH@45, phoneNumber=9722377723]
[http-nio-8080-exec-7] 2021-10-01 20:11:13 INFO  com.revature.bankapp.dao.Util  - Start
[http-nio-8080-exec-7] 2021-10-01 20:11:13 INFO  com.revature.bankapp.controller.CustomerController  - End
[http-nio-8080-exec-10] 2021-10-01 23:08:27 INFO  com.revature.bankapp.controller.CustomerController  - Start
[http-nio-8080-exec-10] 2021-10-01 23:08:27 DEBUG com.revature.bankapp.controller.CustomerController  - Customer [ firstName=, lastName=, email=, password=, phoneNumber=]
[http-nio-8080-exec-10] 2021-10-01 23:08:27 INFO  com.revature.bankapp.dao.impl.CustomerDaoImpl  - Start
[http-nio-8080-exec-10] 2021-10-01 23:08:27 DEBUG com.revature.bankapp.dao.impl.CustomerDaoImpl  - Customer [ firstName=, lastName=, email=, password=, phoneNumber=]
[http-nio-8080-exec-10] 2021-10-01 23:08:27 INFO  com.revature.bankapp.dao.Util  - Start
[http-nio-8080-exec-10] 2021-10-01 23:08:27 INFO  com.revature.bankapp.controller.CustomerController  - End
[http-nio-8080-exec-2] 2021-10-01 23:08:43 INFO  com.revature.bankapp.controller.CustomerController  - Start
[http-nio-8080-exec-2] 2021-10-01 23:08:43 DEBUG com.revature.bankapp.controller.CustomerController  - Customer [ firstName=DAMAROWTHU, lastName=SAHITH, email=sahithcherry99@gmail.com, password=, phoneNumber=09618226200]
[http-nio-8080-exec-2] 2021-10-01 23:08:43 INFO  com.revature.bankapp.dao.impl.CustomerDaoImpl  - Start
[http-nio-8080-exec-2] 2021-10-01 23:08:43 DEBUG com.revature.bankapp.dao.impl.CustomerDaoImpl  - Customer [ firstName=DAMAROWTHU, lastName=SAHITH, email=sahithcherry99@gmail.com, password=, phoneNumber=09618226200]
[http-nio-8080-exec-2] 2021-10-01 23:08:43 INFO  com.revature.bankapp.dao.Util  - Start
[http-nio-8080-exec-2] 2021-10-01 23:08:43 INFO  com.revature.bankapp.controller.CustomerController  - End
[http-nio-8080-exec-4] 2021-10-01 23:09:01 INFO  com.revature.bankapp.controller.CustomerController  - Start
[http-nio-8080-exec-4] 2021-10-01 23:09:01 DEBUG com.revature.bankapp.controller.CustomerController  - Customer [ firstName=DAMAROWTHU, lastName=SAHITH, email=sahithcherry99@gmail.com, password=, phoneNumber=09618226200]
[http-nio-8080-exec-4] 2021-10-01 23:09:01 INFO  com.revature.bankapp.dao.impl.CustomerDaoImpl  - Start
[http-nio-8080-exec-4] 2021-10-01 23:09:01 DEBUG com.revature.bankapp.dao.impl.CustomerDaoImpl  - Customer [ firstName=DAMAROWTHU, lastName=SAHITH, email=sahithcherry99@gmail.com, password=, phoneNumber=09618226200]
[http-nio-8080-exec-4] 2021-10-01 23:09:01 INFO  com.revature.bankapp.dao.Util  - Start
[http-nio-8080-exec-4] 2021-10-01 23:09:01 INFO  com.revature.bankapp.controller.CustomerController  - End
[http-nio-8080-exec-4] 2021-10-01 23:12:35 INFO  com.revature.bankapp.controller.CustomerController  - Start
[http-nio-8080-exec-4] 2021-10-01 23:12:35 DEBUG com.revature.bankapp.controller.CustomerController  - Customer [ firstName=s, lastName=d, email=, password=, phoneNumber=]
[http-nio-8080-exec-4] 2021-10-01 23:12:35 INFO  com.revature.bankapp.dao.impl.CustomerDaoImpl  - Start
[http-nio-8080-exec-4] 2021-10-01 23:12:35 DEBUG com.revature.bankapp.dao.impl.CustomerDaoImpl  - Customer [ firstName=s, lastName=d, email=, password=, phoneNumber=]
[http-nio-8080-exec-4] 2021-10-01 23:12:35 INFO  com.revature.bankapp.dao.Util  - Start
[http-nio-8080-exec-4] 2021-10-01 23:12:37 INFO  com.revature.bankapp.controller.CustomerController  - End
[http-nio-8080-exec-6] 2021-10-01 23:12:53 INFO  com.revature.bankapp.controller.CustomerController  - Start
[http-nio-8080-exec-6] 2021-10-01 23:12:53 DEBUG com.revature.bankapp.controller.CustomerController  - Customer [ firstName=s, lastName=d, email=sahithcherry99@gmail.com, password=sahith@45, phoneNumber=09618226200]
[http-nio-8080-exec-6] 2021-10-01 23:12:53 INFO  com.revature.bankapp.dao.impl.CustomerDaoImpl  - Start
[http-nio-8080-exec-6] 2021-10-01 23:12:53 DEBUG com.revature.bankapp.dao.impl.CustomerDaoImpl  - Customer [ firstName=s, lastName=d, email=sahithcherry99@gmail.com, password=sahith@45, phoneNumber=09618226200]
[http-nio-8080-exec-6] 2021-10-01 23:12:53 INFO  com.revature.bankapp.dao.Util  - Start
[http-nio-8080-exec-6] 2021-10-01 23:12:53 INFO  com.revature.bankapp.controller.CustomerController  - End
[http-nio-8080-exec-9] 2021-10-01 23:49:23 INFO  com.revature.bankapp.controller.CustomerController  - Start
[http-nio-8080-exec-9] 2021-10-01 23:49:23 DEBUG com.revature.bankapp.controller.CustomerController  - Customer [ firstName=, lastName=, email=, password=, phoneNumber=]
[http-nio-8080-exec-9] 2021-10-01 23:49:23 INFO  com.revature.bankapp.dao.impl.CustomerDaoImpl  - Start
[http-nio-8080-exec-9] 2021-10-01 23:49:23 DEBUG com.revature.bankapp.dao.impl.CustomerDaoImpl  - Customer [ firstName=, lastName=, email=, password=, phoneNumber=]
[http-nio-8080-exec-9] 2021-10-01 23:49:23 INFO  com.revature.bankapp.dao.Util  - Start
[http-nio-8080-exec-9] 2021-10-01 23:49:23 INFO  com.revature.bankapp.controller.CustomerController  - End
[http-nio-8080-exec-2] 2021-10-01 23:50:26 INFO  com.revature.bankapp.controller.CustomerController  - Start
[http-nio-8080-exec-2] 2021-10-01 23:50:26 DEBUG com.revature.bankapp.controller.CustomerController  - Customer [ firstName=, lastName=, email=, password=, phoneNumber=]
[http-nio-8080-exec-2] 2021-10-01 23:50:26 INFO  com.revature.bankapp.dao.impl.CustomerDaoImpl  - Start
[http-nio-8080-exec-2] 2021-10-01 23:50:26 DEBUG com.revature.bankapp.dao.impl.CustomerDaoImpl  - Customer [ firstName=, lastName=, email=, password=, phoneNumber=]
[http-nio-8080-exec-2] 2021-10-01 23:50:26 INFO  com.revature.bankapp.dao.Util  - Start
[http-nio-8080-exec-2] 2021-10-01 23:50:26 INFO  com.revature.bankapp.controller.CustomerController  - End
[http-nio-8080-exec-5] 2021-10-01 23:54:27 INFO  com.revature.bankapp.controller.CustomerController  - Start
[http-nio-8080-exec-5] 2021-10-01 23:54:27 DEBUG com.revature.bankapp.controller.CustomerController  - Customer [ firstName=, lastName=, email=, password=, phoneNumber=]
[http-nio-8080-exec-5] 2021-10-01 23:54:27 INFO  com.revature.bankapp.dao.impl.CustomerDaoImpl  - Start
[http-nio-8080-exec-5] 2021-10-01 23:54:27 DEBUG com.revature.bankapp.dao.impl.CustomerDaoImpl  - Customer [ firstName=, lastName=, email=, password=, phoneNumber=]
[http-nio-8080-exec-5] 2021-10-01 23:54:27 INFO  com.revature.bankapp.dao.Util  - Start
[http-nio-8080-exec-5] 2021-10-01 23:54:27 INFO  com.revature.bankapp.controller.CustomerController  - End
[http-nio-8080-exec-7] 2021-10-01 23:54:37 INFO  com.revature.bankapp.controller.CustomerController  - Start
[http-nio-8080-exec-7] 2021-10-01 23:54:37 DEBUG com.revature.bankapp.controller.CustomerController  - Customer [ firstName=, lastName=, email=, password=, phoneNumber=]
[http-nio-8080-exec-7] 2021-10-01 23:54:37 INFO  com.revature.bankapp.dao.impl.CustomerDaoImpl  - Start
[http-nio-8080-exec-7] 2021-10-01 23:54:37 DEBUG com.revature.bankapp.dao.impl.CustomerDaoImpl  - Customer [ firstName=, lastName=, email=, password=, phoneNumber=]
[http-nio-8080-exec-7] 2021-10-01 23:54:37 INFO  com.revature.bankapp.dao.Util  - Start
[http-nio-8080-exec-7] 2021-10-01 23:54:37 INFO  com.revature.bankapp.controller.CustomerController  - End
[http-nio-8080-exec-10] 2021-10-01 23:57:01 INFO  com.revature.bankapp.controller.CustomerController  - Start
[http-nio-8080-exec-10] 2021-10-01 23:57:01 DEBUG com.revature.bankapp.controller.CustomerController  - Customer [ firstName=sa, lastName=dc, email=arshuprivate@gmail.com, password=sahith@45, phoneNumber=9985171560]
[http-nio-8080-exec-10] 2021-10-01 23:57:01 INFO  com.revature.bankapp.dao.impl.CustomerDaoImpl  - Start
[http-nio-8080-exec-10] 2021-10-01 23:57:01 DEBUG com.revature.bankapp.dao.impl.CustomerDaoImpl  - Customer [ firstName=sa, lastName=dc, email=arshuprivate@gmail.com, password=sahith@45, phoneNumber=9985171560]
[http-nio-8080-exec-10] 2021-10-01 23:57:01 INFO  com.revature.bankapp.dao.Util  - Start
[http-nio-8080-exec-10] 2021-10-01 23:57:01 INFO  com.revature.bankapp.controller.CustomerController  - End
[http-nio-8080-exec-3] 2021-10-02 10:42:14 INFO  com.revature.bankapp.controller.CustomerController  - Start
[http-nio-8080-exec-3] 2021-10-02 10:42:14 DEBUG com.revature.bankapp.controller.CustomerController  - Customer [ firstName=harsha, lastName=karanam, email=karnam@gmail.com, password=hitman123, phoneNumber=3575464646]
[http-nio-8080-exec-3] 2021-10-02 10:42:14 INFO  com.revature.bankapp.dao.impl.CustomerDaoImpl  - Start
[http-nio-8080-exec-3] 2021-10-02 10:42:14 DEBUG com.revature.bankapp.dao.impl.CustomerDaoImpl  - Customer [ firstName=harsha, lastName=karanam, email=karnam@gmail.com, password=hitman123, phoneNumber=3575464646]
[http-nio-8080-exec-3] 2021-10-02 10:42:14 INFO  com.revature.bankapp.dao.Util  - Start
[http-nio-8080-exec-3] 2021-10-02 10:42:15 INFO  com.revature.bankapp.controller.CustomerController  - End
[http-nio-8080-exec-6] 2021-10-02 21:53:22 INFO  com.revature.bankapp.controller.CustomerController  - Start
[http-nio-8080-exec-6] 2021-10-02 21:53:22 DEBUG com.revature.bankapp.controller.CustomerController  - Customer [ firstName=s, lastName=SAHITH, email=sahithcherry99@gmail.com, password=Sahith@45, phoneNumber=09618226200]
[http-nio-8080-exec-6] 2021-10-02 21:53:22 INFO  com.revature.bankapp.dao.impl.CustomerDaoImpl  - Start
[http-nio-8080-exec-6] 2021-10-02 21:53:22 DEBUG com.revature.bankapp.dao.impl.CustomerDaoImpl  - Customer [ firstName=s, lastName=SAHITH, email=sahithcherry99@gmail.com, password=Sahith@45, phoneNumber=09618226200]
[http-nio-8080-exec-6] 2021-10-02 21:53:22 INFO  com.revature.bankapp.dao.Util  - Start
[http-nio-8080-exec-6] 2021-10-02 21:53:24 INFO  com.revature.bankapp.controller.CustomerController  - End
[http-nio-8080-exec-9] 2021-10-02 21:54:03 INFO  com.revature.bankapp.controller.CustomerController  - Start
[http-nio-8080-exec-9] 2021-10-02 21:54:03 DEBUG com.revature.bankapp.controller.CustomerController  - Customer [ firstName=s, lastName=SAHITH, email=sahithcherry99@gmail.com, password=Sahith@45, phoneNumber=09618226200]
[http-nio-8080-exec-9] 2021-10-02 21:54:03 INFO  com.revature.bankapp.dao.impl.CustomerDaoImpl  - Start
[http-nio-8080-exec-9] 2021-10-02 21:54:03 DEBUG com.revature.bankapp.dao.impl.CustomerDaoImpl  - Customer [ firstName=s, lastName=SAHITH, email=sahithcherry99@gmail.com, password=Sahith@45, phoneNumber=09618226200]
[http-nio-8080-exec-9] 2021-10-02 21:54:03 INFO  com.revature.bankapp.dao.Util  - Start
[http-nio-8080-exec-9] 2021-10-02 21:54:03 INFO  com.revature.bankapp.controller.CustomerController  - End
[http-nio-8080-exec-7] 2021-10-07 22:15:51 INFO  com.revature.bankapp.dao.Util  - Start
[http-nio-8080-exec-10] 2021-10-07 22:17:26 INFO  com.revature.bankapp.dao.Util  - Start
[http-nio-8080-exec-7] 2021-10-07 23:00:41 INFO  com.revature.bankapp.dao.Util  - Start
[http-nio-8080-exec-8] 2021-10-07 23:00:55 INFO  com.revature.bankapp.dao.Util  - Start
[http-nio-8080-exec-1] 2021-10-07 23:01:56 INFO  com.revature.bankapp.dao.Util  - Start
[http-nio-8080-exec-4] 2021-10-07 23:02:07 INFO  com.revature.bankapp.dao.Util  - Start
[http-nio-8080-exec-5] 2021-10-07 23:03:28 INFO  com.revature.bankapp.dao.Util  - Start
[http-nio-8080-exec-6] 2021-10-07 23:08:30 INFO  com.revature.bankapp.dao.Util  - Start
[http-nio-8080-exec-8] 2021-10-07 23:08:53 INFO  com.revature.bankapp.dao.Util  - Start
[http-nio-8080-exec-9] 2021-10-07 23:09:22 INFO  com.revature.bankapp.dao.Util  - Start
[http-nio-8080-exec-10] 2021-10-07 23:10:01 INFO  com.revature.bankapp.dao.Util  - Start
[http-nio-8080-exec-1] 2021-10-07 23:10:34 INFO  com.revature.bankapp.dao.Util  - Start
[http-nio-8080-exec-3] 2021-10-08 00:30:29 INFO  com.revature.bankapp.dao.Util  - Start
[http-nio-8080-exec-4] 2021-10-08 00:30:49 INFO  com.revature.bankapp.dao.Util  - Start
[http-nio-8080-exec-6] 2021-10-08 00:31:45 INFO  com.revature.bankapp.dao.Util  - Start
[http-nio-8080-exec-7] 2021-10-08 00:31:56 INFO  com.revature.bankapp.dao.Util  - Start
[http-nio-8080-exec-9] 2021-10-08 00:32:23 INFO  com.revature.bankapp.dao.Util  - Start
[http-nio-8080-exec-10] 2021-10-08 00:32:35 INFO  com.revature.bankapp.dao.Util  - Start
[http-nio-8080-exec-2] 2021-10-08 00:33:20 INFO  com.revature.bankapp.dao.Util  - Start
[http-nio-8080-exec-4] 2021-10-08 00:34:41 INFO  com.revature.bankapp.dao.Util  - Start
[http-nio-8080-exec-5] 2021-10-08 00:34:54 INFO  com.revature.bankapp.dao.Util  - Start
[http-nio-8080-exec-3] 2021-10-08 01:56:52 INFO  com.revature.bankapp.dao.Util  - Start
[http-nio-8080-exec-3] 2021-10-08 02:46:18 INFO  com.revature.bankapp.dao.Util  - Start
[http-nio-8080-exec-1] 2021-10-08 02:46:19 INFO  com.revature.bankapp.dao.Util  - Start
[http-nio-8080-exec-5] 2021-10-08 02:46:24 INFO  com.revature.bankapp.dao.Util  - Start
[http-nio-8080-exec-2] 2021-10-08 02:46:54 INFO  com.revature.bankapp.dao.Util  - Start
[http-nio-8080-exec-14] 2021-10-08 02:48:24 INFO  com.revature.bankapp.dao.Util  - Start
[http-nio-8080-exec-15] 2021-10-08 02:48:43 INFO  com.revature.bankapp.dao.Util  - Start
[http-nio-8080-exec-16] 2021-10-08 02:49:14 INFO  com.revature.bankapp.dao.Util  - Start
[http-nio-8080-exec-17] 2021-10-08 02:49:52 INFO  com.revature.bankapp.dao.Util  - Start
[http-nio-8080-exec-14] 2021-10-08 02:50:50 INFO  com.revature.bankapp.dao.Util  - Start
[http-nio-8080-exec-14] 2021-10-08 02:51:48 INFO  com.revature.bankapp.dao.Util  - Start
[http-nio-8080-exec-12] 2021-10-08 02:51:49 INFO  com.revature.bankapp.dao.Util  - Start
[http-nio-8080-exec-20] 2021-10-08 02:51:49 INFO  com.revature.bankapp.dao.Util  - Start
[http-nio-8080-exec-18] 2021-10-08 02:51:49 INFO  com.revature.bankapp.dao.Util  - Start
[http-nio-8080-exec-3] 2021-10-08 02:52:53 INFO  com.revature.bankapp.dao.Util  - Start
[http-nio-8080-exec-4] 2021-10-08 02:52:53 INFO  com.revature.bankapp.dao.Util  - Start
[http-nio-8080-exec-6] 2021-10-08 02:53:57 INFO  com.revature.bankapp.dao.Util  - Start
[http-nio-8080-exec-7] 2021-10-08 02:53:58 INFO  com.revature.bankapp.dao.Util  - Start
[http-nio-8080-exec-9] 2021-10-08 10:30:11 INFO  com.revature.bankapp.dao.Util  - Start
[http-nio-8080-exec-13] 2021-10-08 11:12:39 INFO  com.revature.bankapp.dao.Util  - Start
[http-nio-8080-exec-14] 2021-10-08 11:13:10 INFO  com.revature.bankapp.dao.Util  - Start
[http-nio-8080-exec-2] 2021-10-08 14:54:13 INFO  com.revature.bankapp.dao.Util  - Start
[http-nio-8080-exec-3] 2021-10-08 15:00:11 INFO  com.revature.bankapp.dao.Util  - Start
[http-nio-8080-exec-5] 2021-10-08 15:00:32 INFO  com.revature.bankapp.dao.Util  - Start
[http-nio-8080-exec-4] 2021-10-08 15:16:03 INFO  com.revature.bankapp.dao.Util  - Start
[http-nio-8080-exec-2] 2021-10-08 15:19:28 INFO  com.revature.bankapp.dao.Util  - Start
[http-nio-8080-exec-8] 2021-10-08 15:24:30 INFO  com.revature.bankapp.dao.Util  - Start
[http-nio-8080-exec-10] 2021-10-08 15:36:30 INFO  com.revature.bankapp.dao.Util  - Start
[http-nio-8080-exec-2] 2021-10-08 15:47:24 INFO  com.revature.bankapp.dao.Util  - Start
[http-nio-8080-exec-4] 2021-10-08 15:47:56 INFO  com.revature.bankapp.dao.Util  - Start
[http-nio-8080-exec-6] 2021-10-08 15:53:56 INFO  com.revature.bankapp.dao.Util  - Start
[http-nio-8080-exec-2] 2021-10-08 19:54:20 INFO  com.revature.bankapp.dao.Util  - Start
[http-nio-8080-exec-10] 2021-10-08 22:57:42 INFO  com.revature.bankapp.controller.CustomerController  - Start
[http-nio-8080-exec-10] 2021-10-08 22:57:42 DEBUG com.revature.bankapp.controller.CustomerController  - Account [accountNumber=981847668141, balance=797677.0, customerId=0, First_Name=null, Last_Name=null, Email=null, id=0]
[http-nio-8080-exec-10] 2021-10-08 22:57:42 INFO  com.revature.bankapp.dao.Util  - Start
[http-nio-8080-exec-12] 2021-10-08 23:00:57 INFO  com.revature.bankapp.controller.CustomerController  - Start
[http-nio-8080-exec-12] 2021-10-08 23:00:57 DEBUG com.revature.bankapp.controller.CustomerController  - Account [accountNumber=981847668141, balance=797677.0, customerId=0, First_Name=null, Last_Name=null, Email=null, id=0]
[http-nio-8080-exec-12] 2021-10-08 23:00:57 INFO  com.revature.bankapp.dao.Util  - Start
[http-nio-8080-exec-12] 2021-10-08 23:00:58 INFO  com.revature.bankapp.controller.CustomerController  - End
[http-nio-8080-exec-14] 2021-10-08 23:21:51 INFO  com.revature.bankapp.dao.Util  - Start
[http-nio-8080-exec-21] 2021-10-08 23:46:45 INFO  com.revature.bankapp.controller.CustomerController  - Start
[http-nio-8080-exec-21] 2021-10-08 23:46:45 DEBUG com.revature.bankapp.controller.CustomerController  - Account [accountNumber=, balance=0.0, customerId=0, First_Name=null, Last_Name=null, Email=null, id=0]
[http-nio-8080-exec-21] 2021-10-08 23:46:45 INFO  com.revature.bankapp.dao.Util  - Start
[http-nio-8080-exec-21] 2021-10-08 23:46:45 INFO  com.revature.bankapp.controller.CustomerController  - End
[http-nio-8080-exec-22] 2021-10-08 23:46:46 INFO  com.revature.bankapp.controller.CustomerController  - Start
[http-nio-8080-exec-22] 2021-10-08 23:46:46 DEBUG com.revature.bankapp.controller.CustomerController  - Account [accountNumber=, balance=0.0, customerId=0, First_Name=null, Last_Name=null, Email=null, id=0]
[http-nio-8080-exec-22] 2021-10-08 23:46:46 INFO  com.revature.bankapp.dao.Util  - Start
[http-nio-8080-exec-22] 2021-10-08 23:46:46 INFO  com.revature.bankapp.controller.CustomerController  - End
[http-nio-8080-exec-23] 2021-10-08 23:46:46 INFO  com.revature.bankapp.controller.CustomerController  - Start
[http-nio-8080-exec-23] 2021-10-08 23:46:46 DEBUG com.revature.bankapp.controller.CustomerController  - Account [accountNumber=, balance=0.0, customerId=0, First_Name=null, Last_Name=null, Email=null, id=0]
[http-nio-8080-exec-23] 2021-10-08 23:46:46 INFO  com.revature.bankapp.dao.Util  - Start
[http-nio-8080-exec-23] 2021-10-08 23:46:46 INFO  com.revature.bankapp.controller.CustomerController  - End
[http-nio-8080-exec-14] 2021-10-08 23:46:47 INFO  com.revature.bankapp.controller.CustomerController  - Start
[http-nio-8080-exec-14] 2021-10-08 23:46:47 DEBUG com.revature.bankapp.controller.CustomerController  - Account [accountNumber=, balance=0.0, customerId=0, First_Name=null, Last_Name=null, Email=null, id=0]
[http-nio-8080-exec-14] 2021-10-08 23:46:47 INFO  com.revature.bankapp.dao.Util  - Start
[http-nio-8080-exec-14] 2021-10-08 23:46:47 INFO  com.revature.bankapp.controller.CustomerController  - End
[http-nio-8080-exec-15] 2021-10-08 23:46:47 INFO  com.revature.bankapp.controller.CustomerController  - Start
[http-nio-8080-exec-15] 2021-10-08 23:46:47 DEBUG com.revature.bankapp.controller.CustomerController  - Account [accountNumber=, balance=0.0, customerId=0, First_Name=null, Last_Name=null, Email=null, id=0]
[http-nio-8080-exec-15] 2021-10-08 23:46:47 INFO  com.revature.bankapp.dao.Util  - Start
[http-nio-8080-exec-15] 2021-10-08 23:46:47 INFO  com.revature.bankapp.controller.CustomerController  - End
[http-nio-8080-exec-16] 2021-10-08 23:46:47 INFO  com.revature.bankapp.controller.CustomerController  - Start
[http-nio-8080-exec-16] 2021-10-08 23:46:47 DEBUG com.revature.bankapp.controller.CustomerController  - Account [accountNumber=, balance=0.0, customerId=0, First_Name=null, Last_Name=null, Email=null, id=0]
[http-nio-8080-exec-16] 2021-10-08 23:46:47 INFO  com.revature.bankapp.dao.Util  - Start
[http-nio-8080-exec-16] 2021-10-08 23:46:47 INFO  com.revature.bankapp.controller.CustomerController  - End
[http-nio-8080-exec-17] 2021-10-08 23:46:47 INFO  com.revature.bankapp.controller.CustomerController  - Start
[http-nio-8080-exec-17] 2021-10-08 23:46:47 DEBUG com.revature.bankapp.controller.CustomerController  - Account [accountNumber=, balance=0.0, customerId=0, First_Name=null, Last_Name=null, Email=null, id=0]
[http-nio-8080-exec-17] 2021-10-08 23:46:47 INFO  com.revature.bankapp.dao.Util  - Start
[http-nio-8080-exec-17] 2021-10-08 23:46:47 INFO  com.revature.bankapp.controller.CustomerController  - End
[http-nio-8080-exec-18] 2021-10-08 23:46:48 INFO  com.revature.bankapp.controller.CustomerController  - Start
[http-nio-8080-exec-18] 2021-10-08 23:46:48 DEBUG com.revature.bankapp.controller.CustomerController  - Account [accountNumber=, balance=0.0, customerId=0, First_Name=null, Last_Name=null, Email=null, id=0]
[http-nio-8080-exec-18] 2021-10-08 23:46:48 INFO  com.revature.bankapp.dao.Util  - Start
[http-nio-8080-exec-18] 2021-10-08 23:46:48 INFO  com.revature.bankapp.controller.CustomerController  - End
[http-nio-8080-exec-19] 2021-10-08 23:46:50 INFO  com.revature.bankapp.controller.CustomerController  - Start
[http-nio-8080-exec-19] 2021-10-08 23:46:50 DEBUG com.revature.bankapp.controller.CustomerController  - Account [accountNumber=, balance=0.0, customerId=0, First_Name=null, Last_Name=null, Email=null, id=0]
[http-nio-8080-exec-19] 2021-10-08 23:46:50 INFO  com.revature.bankapp.dao.Util  - Start
[http-nio-8080-exec-19] 2021-10-08 23:46:50 INFO  com.revature.bankapp.controller.CustomerController  - End
[http-nio-8080-exec-22] 2021-10-08 23:47:33 INFO  com.revature.bankapp.controller.CustomerController  - Start
[http-nio-8080-exec-22] 2021-10-08 23:47:33 DEBUG com.revature.bankapp.controller.CustomerController  - Account [accountNumber=, balance=0.0, customerId=0, First_Name=null, Last_Name=null, Email=null, id=0]
[http-nio-8080-exec-22] 2021-10-08 23:47:33 INFO  com.revature.bankapp.dao.Util  - Start
[http-nio-8080-exec-22] 2021-10-08 23:47:33 INFO  com.revature.bankapp.controller.CustomerController  - End
[http-nio-8080-exec-15] 2021-10-08 23:48:34 INFO  com.revature.bankapp.controller.CustomerController  - Start
[http-nio-8080-exec-15] 2021-10-08 23:48:34 DEBUG com.revature.bankapp.controller.CustomerController  - Account [accountNumber=, balance=0.0, customerId=0, First_Name=null, Last_Name=null, Email=null, id=0]
[http-nio-8080-exec-15] 2021-10-08 23:48:34 INFO  com.revature.bankapp.dao.Util  - Start
[http-nio-8080-exec-15] 2021-10-08 23:48:34 INFO  com.revature.bankapp.controller.CustomerController  - End
[http-nio-8080-exec-18] 2021-10-08 23:49:01 INFO  com.revature.bankapp.controller.CustomerController  - Start
[http-nio-8080-exec-18] 2021-10-08 23:49:01 DEBUG com.revature.bankapp.controller.CustomerController  - Account [accountNumber=, balance=0.0, customerId=0, First_Name=null, Last_Name=null, Email=null, id=0]
[http-nio-8080-exec-18] 2021-10-08 23:49:01 INFO  com.revature.bankapp.dao.Util  - Start
[http-nio-8080-exec-18] 2021-10-08 23:49:01 INFO  com.revature.bankapp.controller.CustomerController  - End
[http-nio-8080-exec-20] 2021-10-08 23:49:14 INFO  com.revature.bankapp.controller.CustomerController  - Start
[http-nio-8080-exec-20] 2021-10-08 23:49:14 DEBUG com.revature.bankapp.controller.CustomerController  - Account [accountNumber=7546875768, balance=600000.0, customerId=0, First_Name=null, Last_Name=null, Email=null, id=0]
[http-nio-8080-exec-20] 2021-10-08 23:49:14 INFO  com.revature.bankapp.dao.Util  - Start
[http-nio-8080-exec-20] 2021-10-08 23:49:14 INFO  com.revature.bankapp.controller.CustomerController  - End
[http-nio-8080-exec-23] 2021-10-08 23:49:38 INFO  com.revature.bankapp.controller.CustomerController  - Start
[http-nio-8080-exec-23] 2021-10-08 23:49:38 DEBUG com.revature.bankapp.controller.CustomerController  - Account [accountNumber=7546875768, balance=600000.0, customerId=0, First_Name=null, Last_Name=null, Email=null, id=0]
[http-nio-8080-exec-23] 2021-10-08 23:49:38 INFO  com.revature.bankapp.dao.Util  - Start
[http-nio-8080-exec-23] 2021-10-08 23:49:38 INFO  com.revature.bankapp.controller.CustomerController  - End
[http-nio-8080-exec-14] 2021-10-08 23:49:39 INFO  com.revature.bankapp.controller.CustomerController  - Start
[http-nio-8080-exec-14] 2021-10-08 23:49:39 DEBUG com.revature.bankapp.controller.CustomerController  - Account [accountNumber=7546875768, balance=600000.0, customerId=0, First_Name=null, Last_Name=null, Email=null, id=0]
[http-nio-8080-exec-14] 2021-10-08 23:49:39 INFO  com.revature.bankapp.dao.Util  - Start
[http-nio-8080-exec-14] 2021-10-08 23:49:39 INFO  com.revature.bankapp.controller.CustomerController  - End
[http-nio-8080-exec-15] 2021-10-08 23:49:39 INFO  com.revature.bankapp.controller.CustomerController  - Start
[http-nio-8080-exec-15] 2021-10-08 23:49:39 DEBUG com.revature.bankapp.controller.CustomerController  - Account [accountNumber=7546875768, balance=600000.0, customerId=0, First_Name=null, Last_Name=null, Email=null, id=0]
[http-nio-8080-exec-15] 2021-10-08 23:49:39 INFO  com.revature.bankapp.dao.Util  - Start
[http-nio-8080-exec-15] 2021-10-08 23:49:39 INFO  com.revature.bankapp.controller.CustomerController  - End
[http-nio-8080-exec-16] 2021-10-08 23:49:39 INFO  com.revature.bankapp.controller.CustomerController  - Start
[http-nio-8080-exec-16] 2021-10-08 23:49:39 DEBUG com.revature.bankapp.controller.CustomerController  - Account [accountNumber=7546875768, balance=600000.0, customerId=0, First_Name=null, Last_Name=null, Email=null, id=0]
[http-nio-8080-exec-16] 2021-10-08 23:49:39 INFO  com.revature.bankapp.dao.Util  - Start
[http-nio-8080-exec-16] 2021-10-08 23:49:39 INFO  com.revature.bankapp.controller.CustomerController  - End
[http-nio-8080-exec-19] 2021-10-08 23:50:17 INFO  com.revature.bankapp.controller.CustomerController  - Start
[http-nio-8080-exec-19] 2021-10-08 23:50:17 DEBUG com.revature.bankapp.controller.CustomerController  - Account [accountNumber=9618226200, balance=300000.0, customerId=0, First_Name=null, Last_Name=null, Email=null, id=0]
[http-nio-8080-exec-19] 2021-10-08 23:50:17 INFO  com.revature.bankapp.dao.Util  - Start
[http-nio-8080-exec-19] 2021-10-08 23:50:17 INFO  com.revature.bankapp.controller.CustomerController  - End
[http-nio-8080-exec-4] 2021-10-09 00:18:01 INFO  com.revature.bankapp.controller.CustomerController  - Start
[http-nio-8080-exec-3] 2021-10-09 00:18:01 INFO  com.revature.bankapp.controller.CustomerController  - Start
[http-nio-8080-exec-5] 2021-10-09 00:18:01 INFO  com.revature.bankapp.controller.CustomerController  - Start
[http-nio-8080-exec-3] 2021-10-09 00:18:01 DEBUG com.revature.bankapp.controller.CustomerController  - Account [accountNumber=, balance=0.0, customerId=0, First_Name=null, Last_Name=null, Email=null, id=0]
[http-nio-8080-exec-5] 2021-10-09 00:18:01 DEBUG com.revature.bankapp.controller.CustomerController  - Account [accountNumber=, balance=0.0, customerId=0, First_Name=null, Last_Name=null, Email=null, id=0]
[http-nio-8080-exec-4] 2021-10-09 00:18:01 DEBUG com.revature.bankapp.controller.CustomerController  - Account [accountNumber=, balance=0.0, customerId=0, First_Name=null, Last_Name=null, Email=null, id=0]
[http-nio-8080-exec-3] 2021-10-09 00:18:01 INFO  com.revature.bankapp.dao.Util  - Start
[http-nio-8080-exec-5] 2021-10-09 00:18:01 INFO  com.revature.bankapp.dao.Util  - Start
[http-nio-8080-exec-4] 2021-10-09 00:18:01 INFO  com.revature.bankapp.dao.Util  - Start
[http-nio-8080-exec-6] 2021-10-09 00:18:02 INFO  com.revature.bankapp.controller.CustomerController  - Start
[http-nio-8080-exec-6] 2021-10-09 00:18:02 DEBUG com.revature.bankapp.controller.CustomerController  - Account [accountNumber=, balance=0.0, customerId=0, First_Name=null, Last_Name=null, Email=null, id=0]
[http-nio-8080-exec-6] 2021-10-09 00:18:02 INFO  com.revature.bankapp.dao.Util  - Start
[http-nio-8080-exec-6] 2021-10-09 00:18:02 INFO  com.revature.bankapp.controller.CustomerController  - End
[http-nio-8080-exec-5] 2021-10-09 00:18:02 INFO  com.revature.bankapp.controller.CustomerController  - End
[http-nio-8080-exec-3] 2021-10-09 00:18:02 INFO  com.revature.bankapp.controller.CustomerController  - End
[http-nio-8080-exec-4] 2021-10-09 00:18:02 INFO  com.revature.bankapp.controller.CustomerController  - End
[http-nio-8080-exec-7] 2021-10-09 00:18:02 INFO  com.revature.bankapp.controller.CustomerController  - Start
[http-nio-8080-exec-7] 2021-10-09 00:18:02 DEBUG com.revature.bankapp.controller.CustomerController  - Account [accountNumber=, balance=0.0, customerId=0, First_Name=null, Last_Name=null, Email=null, id=0]
[http-nio-8080-exec-7] 2021-10-09 00:18:02 INFO  com.revature.bankapp.dao.Util  - Start
[http-nio-8080-exec-7] 2021-10-09 00:18:02 INFO  com.revature.bankapp.controller.CustomerController  - End
[http-nio-8080-exec-8] 2021-10-09 00:18:03 INFO  com.revature.bankapp.controller.CustomerController  - Start
[http-nio-8080-exec-8] 2021-10-09 00:18:03 DEBUG com.revature.bankapp.controller.CustomerController  - Account [accountNumber=, balance=0.0, customerId=0, First_Name=null, Last_Name=null, Email=null, id=0]
[http-nio-8080-exec-8] 2021-10-09 00:18:03 INFO  com.revature.bankapp.dao.Util  - Start
[http-nio-8080-exec-8] 2021-10-09 00:18:03 INFO  com.revature.bankapp.controller.CustomerController  - End
[http-nio-8080-exec-9] 2021-10-09 00:18:03 INFO  com.revature.bankapp.controller.CustomerController  - Start
[http-nio-8080-exec-9] 2021-10-09 00:18:03 DEBUG com.revature.bankapp.controller.CustomerController  - Account [accountNumber=, balance=0.0, customerId=0, First_Name=null, Last_Name=null, Email=null, id=0]
[http-nio-8080-exec-9] 2021-10-09 00:18:03 INFO  com.revature.bankapp.dao.Util  - Start
[http-nio-8080-exec-9] 2021-10-09 00:18:03 INFO  com.revature.bankapp.controller.CustomerController  - End
[http-nio-8080-exec-10] 2021-10-09 00:18:03 INFO  com.revature.bankapp.controller.CustomerController  - Start
[http-nio-8080-exec-10] 2021-10-09 00:18:03 DEBUG com.revature.bankapp.controller.CustomerController  - Account [accountNumber=, balance=0.0, customerId=0, First_Name=null, Last_Name=null, Email=null, id=0]
[http-nio-8080-exec-10] 2021-10-09 00:18:03 INFO  com.revature.bankapp.dao.Util  - Start
[http-nio-8080-exec-10] 2021-10-09 00:18:03 INFO  com.revature.bankapp.controller.CustomerController  - End
[http-nio-8080-exec-1] 2021-10-09 00:18:03 INFO  com.revature.bankapp.controller.CustomerController  - Start
[http-nio-8080-exec-1] 2021-10-09 00:18:03 DEBUG com.revature.bankapp.controller.CustomerController  - Account [accountNumber=, balance=0.0, customerId=0, First_Name=null, Last_Name=null, Email=null, id=0]
[http-nio-8080-exec-1] 2021-10-09 00:18:03 INFO  com.revature.bankapp.dao.Util  - Start
[http-nio-8080-exec-1] 2021-10-09 00:18:03 INFO  com.revature.bankapp.controller.CustomerController  - End
[http-nio-8080-exec-2] 2021-10-09 00:18:03 INFO  com.revature.bankapp.controller.CustomerController  - Start
[http-nio-8080-exec-2] 2021-10-09 00:18:03 DEBUG com.revature.bankapp.controller.CustomerController  - Account [accountNumber=, balance=0.0, customerId=0, First_Name=null, Last_Name=null, Email=null, id=0]
[http-nio-8080-exec-2] 2021-10-09 00:18:03 INFO  com.revature.bankapp.dao.Util  - Start
[http-nio-8080-exec-2] 2021-10-09 00:18:03 INFO  com.revature.bankapp.controller.CustomerController  - End
[http-nio-8080-exec-6] 2021-10-09 00:18:03 INFO  com.revature.bankapp.controller.CustomerController  - Start
[http-nio-8080-exec-6] 2021-10-09 00:18:03 DEBUG com.revature.bankapp.controller.CustomerController  - Account [accountNumber=, balance=0.0, customerId=0, First_Name=null, Last_Name=null, Email=null, id=0]
[http-nio-8080-exec-6] 2021-10-09 00:18:03 INFO  com.revature.bankapp.dao.Util  - Start
[http-nio-8080-exec-6] 2021-10-09 00:18:03 INFO  com.revature.bankapp.controller.CustomerController  - End
[http-nio-8080-exec-4] 2021-10-09 00:18:04 INFO  com.revature.bankapp.controller.CustomerController  - Start
[http-nio-8080-exec-4] 2021-10-09 00:18:04 DEBUG com.revature.bankapp.controller.CustomerController  - Account [accountNumber=, balance=0.0, customerId=0, First_Name=null, Last_Name=null, Email=null, id=0]
[http-nio-8080-exec-4] 2021-10-09 00:18:04 INFO  com.revature.bankapp.dao.Util  - Start
[http-nio-8080-exec-4] 2021-10-09 00:18:04 INFO  com.revature.bankapp.controller.CustomerController  - End
[http-nio-8080-exec-10] 2021-10-09 00:30:20 INFO  com.revature.bankapp.controller.CustomerController  - Start
[http-nio-8080-exec-10] 2021-10-09 00:30:20 DEBUG com.revature.bankapp.controller.CustomerController  - Account [accountNumber=, balance=0.0, customerId=0, First_Name=null, Last_Name=null, Email=null, id=0]
[http-nio-8080-exec-10] 2021-10-09 00:30:20 INFO  com.revature.bankapp.dao.Util  - Start
[http-nio-8080-exec-10] 2021-10-09 00:30:20 INFO  com.revature.bankapp.controller.CustomerController  - End
[http-nio-8080-exec-6] 2021-10-09 00:30:28 INFO  com.revature.bankapp.controller.CustomerController  - Start
[http-nio-8080-exec-6] 2021-10-09 00:30:28 DEBUG com.revature.bankapp.controller.CustomerController  - Account [accountNumber=, balance=0.0, customerId=0, First_Name=null, Last_Name=null, Email=null, id=0]
[http-nio-8080-exec-6] 2021-10-09 00:30:28 INFO  com.revature.bankapp.dao.Util  - Start
[http-nio-8080-exec-6] 2021-10-09 00:30:28 INFO  com.revature.bankapp.controller.CustomerController  - End
[http-nio-8080-exec-7] 2021-10-09 00:35:48 INFO  com.revature.bankapp.controller.CustomerController  - Start
[http-nio-8080-exec-7] 2021-10-09 00:35:48 DEBUG com.revature.bankapp.controller.CustomerController  - Account [accountNumber=, balance=0.0, customerId=0, First_Name=null, Last_Name=null, Email=null, id=0]
[http-nio-8080-exec-7] 2021-10-09 00:35:48 INFO  com.revature.bankapp.dao.Util  - Start
[http-nio-8080-exec-7] 2021-10-09 00:35:48 INFO  com.revature.bankapp.controller.CustomerController  - End
[http-nio-8080-exec-9] 2021-10-09 00:37:20 INFO  com.revature.bankapp.controller.CustomerController  - Start
[http-nio-8080-exec-9] 2021-10-09 00:37:20 DEBUG com.revature.bankapp.controller.CustomerController  - Account [accountNumber=, balance=0.0, customerId=0, First_Name=null, Last_Name=null, Email=null, id=0]
[http-nio-8080-exec-9] 2021-10-09 00:37:20 INFO  com.revature.bankapp.dao.Util  - Start
[http-nio-8080-exec-9] 2021-10-09 00:37:20 INFO  com.revature.bankapp.controller.CustomerController  - End
[http-nio-8080-exec-2] 2021-10-09 00:37:43 INFO  com.revature.bankapp.controller.CustomerController  - Start
[http-nio-8080-exec-2] 2021-10-09 00:37:43 DEBUG com.revature.bankapp.controller.CustomerController  - Account [accountNumber=, balance=0.0, customerId=0, First_Name=null, Last_Name=null, Email=null, id=0]
[http-nio-8080-exec-2] 2021-10-09 00:37:43 INFO  com.revature.bankapp.dao.Util  - Start
[http-nio-8080-exec-2] 2021-10-09 00:37:43 INFO  com.revature.bankapp.controller.CustomerController  - End
[http-nio-8080-exec-3] 2021-10-09 00:48:13 INFO  com.revature.bankapp.dao.Util  - Start
[http-nio-8080-exec-5] 2021-10-09 00:49:27 INFO  com.revature.bankapp.dao.Util  - Start
[http-nio-8080-exec-6] 2021-10-09 00:49:29 INFO  com.revature.bankapp.dao.Util  - Start
[http-nio-8080-exec-9] 2021-10-09 00:52:20 INFO  com.revature.bankapp.controller.CustomerController  - Start
[http-nio-8080-exec-9] 2021-10-09 00:52:20 DEBUG com.revature.bankapp.controller.CustomerController  - Account [accountNumber=657775777, balance=1111.0, customerId=0, First_Name=null, Last_Name=null, Email=null, id=0]
[http-nio-8080-exec-9] 2021-10-09 00:52:20 INFO  com.revature.bankapp.dao.Util  - Start
[http-nio-8080-exec-9] 2021-10-09 00:52:20 INFO  com.revature.bankapp.controller.CustomerController  - End
[http-nio-8080-exec-10] 2021-10-09 00:52:25 INFO  com.revature.bankapp.dao.Util  - Start
[http-nio-8080-exec-2] 2021-10-09 00:53:15 INFO  com.revature.bankapp.dao.Util  - Start
[http-nio-8080-exec-4] 2021-10-09 00:54:52 INFO  com.revature.bankapp.dao.Util  - Start
[http-nio-8080-exec-5] 2021-10-09 00:54:53 INFO  com.revature.bankapp.dao.Util  - Start
[http-nio-8080-exec-6] 2021-10-09 00:54:53 INFO  com.revature.bankapp.dao.Util  - Start
[http-nio-8080-exec-7] 2021-10-09 00:54:53 INFO  com.revature.bankapp.dao.Util  - Start
[http-nio-8080-exec-8] 2021-10-09 00:54:53 INFO  com.revature.bankapp.dao.Util  - Start
[http-nio-8080-exec-9] 2021-10-09 00:54:53 INFO  com.revature.bankapp.dao.Util  - Start
[http-nio-8080-exec-1] 2021-10-09 00:55:26 INFO  com.revature.bankapp.dao.Util  - Start
[http-nio-8080-exec-2] 2021-10-09 00:55:26 INFO  com.revature.bankapp.dao.Util  - Start
[http-nio-8080-exec-3] 2021-10-09 00:55:40 INFO  com.revature.bankapp.dao.Util  - Start
[http-nio-8080-exec-4] 2021-10-09 00:55:41 INFO  com.revature.bankapp.dao.Util  - Start
[http-nio-8080-exec-6] 2021-10-09 00:55:50 INFO  com.revature.bankapp.dao.Util  - Start
[http-nio-8080-exec-9] 2021-10-09 00:57:54 INFO  com.revature.bankapp.controller.CustomerController  - Start
[http-nio-8080-exec-9] 2021-10-09 00:57:54 DEBUG com.revature.bankapp.controller.CustomerController  - Customer [ firstName=Noway, lastName=Ready, email=ready@gmail.com, password=ready@123, phoneNumber=876535432424]
[http-nio-8080-exec-9] 2021-10-09 00:57:54 INFO  com.revature.bankapp.dao.impl.CustomerDaoImpl  - Start
[http-nio-8080-exec-9] 2021-10-09 00:57:54 DEBUG com.revature.bankapp.dao.impl.CustomerDaoImpl  - Customer [ firstName=Noway, lastName=Ready, email=ready@gmail.com, password=ready@123, phoneNumber=876535432424]
[http-nio-8080-exec-9] 2021-10-09 00:57:54 INFO  com.revature.bankapp.dao.Util  - Start
[http-nio-8080-exec-9] 2021-10-09 00:57:54 INFO  com.revature.bankapp.controller.CustomerController  - End
[http-nio-8080-exec-1] 2021-10-09 00:58:14 INFO  com.revature.bankapp.dao.Util  - Start
[http-nio-8080-exec-3] 2021-10-09 00:58:34 INFO  com.revature.bankapp.dao.Util  - Start
[http-nio-8080-exec-4] 2021-10-09 00:58:36 INFO  com.revature.bankapp.dao.Util  - Start
[http-nio-8080-exec-7] 2021-10-09 00:58:58 INFO  com.revature.bankapp.controller.CustomerController  - Start
[http-nio-8080-exec-7] 2021-10-09 00:58:58 DEBUG com.revature.bankapp.controller.CustomerController  - Account [accountNumber=12345678, balance=10000.0, customerId=0, First_Name=null, Last_Name=null, Email=null, id=0]
[http-nio-8080-exec-7] 2021-10-09 00:58:58 INFO  com.revature.bankapp.dao.Util  - Start
[http-nio-8080-exec-7] 2021-10-09 00:58:58 INFO  com.revature.bankapp.controller.CustomerController  - End
[http-nio-8080-exec-10] 2021-10-09 00:59:24 INFO  com.revature.bankapp.controller.CustomerController  - Start
[http-nio-8080-exec-10] 2021-10-09 00:59:24 DEBUG com.revature.bankapp.controller.CustomerController  - Account [accountNumber=12345678, balance=10000.0, customerId=0, First_Name=null, Last_Name=null, Email=null, id=0]
[http-nio-8080-exec-10] 2021-10-09 00:59:24 INFO  com.revature.bankapp.dao.Util  - Start
[http-nio-8080-exec-10] 2021-10-09 00:59:24 INFO  com.revature.bankapp.controller.CustomerController  - End
[http-nio-8080-exec-1] 2021-10-09 00:59:29 INFO  com.revature.bankapp.dao.Util  - Start
[http-nio-8080-exec-3] 2021-10-09 00:59:58 INFO  com.revature.bankapp.dao.Util  - Start
[http-nio-8080-exec-4] 2021-10-09 00:59:59 INFO  com.revature.bankapp.dao.Util  - Start
[http-nio-8080-exec-5] 2021-10-09 00:59:59 INFO  com.revature.bankapp.dao.Util  - Start
[http-nio-8080-exec-7] 2021-10-09 01:00:12 INFO  com.revature.bankapp.controller.CustomerController  - Start
[http-nio-8080-exec-7] 2021-10-09 01:00:12 DEBUG com.revature.bankapp.controller.CustomerController  - Account [accountNumber=3456789, balance=78247.0, customerId=0, First_Name=null, Last_Name=null, Email=null, id=0]
[http-nio-8080-exec-7] 2021-10-09 01:00:12 INFO  com.revature.bankapp.dao.Util  - Start
[http-nio-8080-exec-7] 2021-10-09 01:00:12 INFO  com.revature.bankapp.controller.CustomerController  - End
[http-nio-8080-exec-8] 2021-10-09 01:00:17 INFO  com.revature.bankapp.dao.Util  - Start
[http-nio-8080-exec-10] 2021-10-09 01:07:18 INFO  com.revature.bankapp.dao.Util  - Start
[http-nio-8080-exec-1] 2021-10-09 01:07:20 INFO  com.revature.bankapp.dao.Util  - Start
[http-nio-8080-exec-3] 2021-10-09 01:07:54 INFO  com.revature.bankapp.dao.Util  - Start
[http-nio-8080-exec-4] 2021-10-09 01:08:07 INFO  com.revature.bankapp.dao.Util  - Start
[http-nio-8080-exec-5] 2021-10-09 01:08:20 INFO  com.revature.bankapp.dao.Util  - Start
[http-nio-8080-exec-4] 2021-10-09 01:25:42 INFO  com.revature.bankapp.dao.Util  - Start
[http-nio-8080-exec-7] 2021-10-09 01:26:31 INFO  com.revature.bankapp.dao.Util  - Start
[http-nio-8080-exec-8] 2021-10-09 01:26:39 INFO  com.revature.bankapp.dao.Util  - Start
[http-nio-8080-exec-9] 2021-10-09 01:26:40 INFO  com.revature.bankapp.dao.Util  - Start
[http-nio-8080-exec-3] 2021-10-09 01:27:24 INFO  com.revature.bankapp.dao.Util  - Start
[http-nio-8080-exec-5] 2021-10-09 01:36:45 INFO  com.revature.bankapp.dao.Util  - Start
[http-nio-8080-exec-6] 2021-10-09 01:36:45 INFO  com.revature.bankapp.dao.Util  - Start
[http-nio-8080-exec-7] 2021-10-09 01:36:47 INFO  com.revature.bankapp.dao.Util  - Start
[http-nio-8080-exec-8] 2021-10-09 01:36:47 INFO  com.revature.bankapp.dao.Util  - Start
[http-nio-8080-exec-10] 2021-10-09 01:37:06 INFO  com.revature.bankapp.dao.Util  - Start
[http-nio-8080-exec-2] 2021-10-09 01:37:24 INFO  com.revature.bankapp.dao.Util  - Start
[http-nio-8080-exec-3] 2021-10-09 01:37:25 INFO  com.revature.bankapp.dao.Util  - Start
[http-nio-8080-exec-4] 2021-10-09 01:37:25 INFO  com.revature.bankapp.dao.Util  - Start
[http-nio-8080-exec-5] 2021-10-09 01:37:26 INFO  com.revature.bankapp.dao.Util  - Start
[http-nio-8080-exec-6] 2021-10-09 01:37:26 INFO  com.revature.bankapp.dao.Util  - Start
[http-nio-8080-exec-7] 2021-10-09 01:37:27 INFO  com.revature.bankapp.dao.Util  - Start
[http-nio-8080-exec-9] 2021-10-09 01:40:38 INFO  com.revature.bankapp.dao.Util  - Start
[http-nio-8080-exec-2] 2021-10-09 01:40:53 INFO  com.revature.bankapp.dao.Util  - Start
[http-nio-8080-exec-16] 2021-10-09 01:41:20 INFO  com.revature.bankapp.dao.Util  - Start
[http-nio-8080-exec-17] 2021-10-09 01:41:25 INFO  com.revature.bankapp.dao.Util  - Start
[http-nio-8080-exec-7] 2021-10-09 01:49:06 INFO  com.revature.bankapp.dao.Util  - Start
[http-nio-8080-exec-10] 2021-10-09 01:49:30 INFO  com.revature.bankapp.dao.Util  - Start
[http-nio-8080-exec-1] 2021-10-09 01:49:32 INFO  com.revature.bankapp.dao.Util  - Start
[http-nio-8080-exec-4] 2021-10-09 01:50:46 INFO  com.revature.bankapp.dao.Util  - Start
[http-nio-8080-exec-3] 2021-10-09 10:22:45 INFO  com.revature.bankapp.dao.Util  - Start
[http-nio-8080-exec-3] 2021-10-09 10:24:52 INFO  com.revature.bankapp.dao.Util  - Start
[http-nio-8080-exec-6] 2021-10-09 10:25:20 INFO  com.revature.bankapp.dao.Util  - Start
[http-nio-8080-exec-7] 2021-10-09 10:25:36 INFO  com.revature.bankapp.dao.Util  - Start
[http-nio-8080-exec-3] 2021-10-09 17:07:30 INFO  com.revature.bankapp.dao.Util  - Start
[http-nio-8080-exec-5] 2021-10-09 17:07:43 INFO  com.revature.bankapp.dao.Util  - Start
[http-nio-8080-exec-6] 2021-10-09 17:07:46 INFO  com.revature.bankapp.dao.Util  - Start
[http-nio-8080-exec-9] 2021-10-09 17:08:09 INFO  com.revature.bankapp.controller.CustomerController  - Start
[http-nio-8080-exec-9] 2021-10-09 17:08:09 DEBUG com.revature.bankapp.controller.CustomerController  - Account [accountNumber=555555555, balance=5000000.0, customerId=0, First_Name=null, Last_Name=null, Email=null, id=0]
[http-nio-8080-exec-9] 2021-10-09 17:08:09 INFO  com.revature.bankapp.dao.Util  - Start
[http-nio-8080-exec-9] 2021-10-09 17:08:09 INFO  com.revature.bankapp.controller.CustomerController  - End
[http-nio-8080-exec-10] 2021-10-09 17:08:14 INFO  com.revature.bankapp.dao.Util  - Start
[http-nio-8080-exec-2] 2021-10-09 17:08:40 INFO  com.revature.bankapp.dao.Util  - Start
[http-nio-8080-exec-3] 2021-10-09 17:08:42 INFO  com.revature.bankapp.dao.Util  - Start
[http-nio-8080-exec-5] 2021-10-09 17:09:29 INFO  com.revature.bankapp.dao.Util  - Start
[http-nio-8080-exec-6] 2021-10-09 17:09:31 INFO  com.revature.bankapp.dao.Util  - Start
[http-nio-8080-exec-9] 2021-10-09 17:09:40 INFO  com.revature.bankapp.controller.CustomerController  - Start
[http-nio-8080-exec-9] 2021-10-09 17:09:40 DEBUG com.revature.bankapp.controller.CustomerController  - Account [accountNumber=235353, balance=35466.0, customerId=0, First_Name=null, Last_Name=null, Email=null, id=0]
[http-nio-8080-exec-9] 2021-10-09 17:09:40 INFO  com.revature.bankapp.dao.Util  - Start
[http-nio-8080-exec-9] 2021-10-09 17:09:40 INFO  com.revature.bankapp.controller.CustomerController  - End
[http-nio-8080-exec-10] 2021-10-09 17:09:45 INFO  com.revature.bankapp.dao.Util  - Start
[http-nio-8080-exec-2] 2021-10-09 17:10:01 INFO  com.revature.bankapp.dao.Util  - Start
[http-nio-8080-exec-3] 2021-10-09 17:10:03 INFO  com.revature.bankapp.dao.Util  - Start
[http-nio-8080-exec-5] 2021-10-09 17:10:56 INFO  com.revature.bankapp.dao.Util  - Start
[http-nio-8080-exec-6] 2021-10-09 17:10:58 INFO  com.revature.bankapp.dao.Util  - Start
[http-nio-8080-exec-7] 2021-10-09 17:11:15 INFO  com.revature.bankapp.dao.Util  - Start
[http-nio-8080-exec-8] 2021-10-09 17:11:15 INFO  com.revature.bankapp.dao.Util  - Start
[http-nio-8080-exec-9] 2021-10-09 17:11:20 INFO  com.revature.bankapp.dao.Util  - Start
[http-nio-8080-exec-4] 2021-10-09 22:19:05 INFO  com.revature.bankapp.dao.Util  - Start
[http-nio-8080-exec-5] 2021-10-09 22:19:08 INFO  com.revature.bankapp.dao.Util  - Start
[http-nio-8080-exec-7] 2021-10-09 22:19:11 INFO  com.revature.bankapp.dao.Util  - Start
[http-nio-8080-exec-10] 2021-10-09 22:19:29 INFO  com.revature.bankapp.controller.CustomerController  - Start
[http-nio-8080-exec-10] 2021-10-09 22:19:29 DEBUG com.revature.bankapp.controller.CustomerController  - Account [accountNumber=65354645345, balance=9000000.0, customerId=0, First_Name=null, Last_Name=null, Email=null, id=0]
[http-nio-8080-exec-10] 2021-10-09 22:19:29 INFO  com.revature.bankapp.dao.Util  - Start
[http-nio-8080-exec-10] 2021-10-09 22:19:29 INFO  com.revature.bankapp.controller.CustomerController  - End
[http-nio-8080-exec-2] 2021-10-09 22:19:33 INFO  com.revature.bankapp.dao.Util  - Start
[http-nio-8080-exec-4] 2021-10-11 10:18:51 INFO  com.revature.bankapp.dao.Util  - Start
[http-nio-8080-exec-5] 2021-10-11 10:18:54 INFO  com.revature.bankapp.dao.Util  - Start
[http-nio-8080-exec-6] 2021-10-11 10:18:57 INFO  com.revature.bankapp.dao.Util  - Start
[http-nio-8080-exec-8] 2021-10-11 10:19:12 INFO  com.revature.bankapp.controller.CustomerController  - Start
[http-nio-8080-exec-8] 2021-10-11 10:19:12 DEBUG com.revature.bankapp.controller.CustomerController  - Account [accountNumber=888888, balance=1000000.0, customerId=0, First_Name=null, Last_Name=null, Email=null, id=0]
[http-nio-8080-exec-8] 2021-10-11 10:19:12 INFO  com.revature.bankapp.dao.Util  - Start
[http-nio-8080-exec-8] 2021-10-11 10:19:12 INFO  com.revature.bankapp.controller.CustomerController  - End
[http-nio-8080-exec-10] 2021-10-11 10:19:17 INFO  com.revature.bankapp.dao.Util  - Start
[http-nio-8080-exec-2] 2021-10-11 10:19:49 INFO  com.revature.bankapp.dao.Util  - Start
[http-nio-8080-exec-6] 2021-10-11 10:21:16 INFO  com.revature.bankapp.controller.CustomerController  - Start
[http-nio-8080-exec-6] 2021-10-11 10:21:16 DEBUG com.revature.bankapp.controller.CustomerController  - Customer [ firstName=sahithh, lastName=d, email=sahith@gmail.com, password=jjdgj@45, phoneNumber=24356335242]
[http-nio-8080-exec-6] 2021-10-11 10:21:16 INFO  com.revature.bankapp.dao.impl.CustomerDaoImpl  - Start
[http-nio-8080-exec-6] 2021-10-11 10:21:16 DEBUG com.revature.bankapp.dao.impl.CustomerDaoImpl  - Customer [ firstName=sahithh, lastName=d, email=sahith@gmail.com, password=jjdgj@45, phoneNumber=24356335242]
[http-nio-8080-exec-6] 2021-10-11 10:21:16 INFO  com.revature.bankapp.dao.Util  - Start
[http-nio-8080-exec-6] 2021-10-11 10:21:16 INFO  com.revature.bankapp.controller.CustomerController  - End
[http-nio-8080-exec-9] 2021-10-11 10:22:05 INFO  com.revature.bankapp.controller.CustomerController  - Start
[http-nio-8080-exec-9] 2021-10-11 10:22:05 DEBUG com.revature.bankapp.controller.CustomerController  - Customer [ firstName=sahithhh, lastName=sahhii, email=sajsjak@gmail.com, password=Sahirun@45, phoneNumber=87638864]
[http-nio-8080-exec-9] 2021-10-11 10:22:05 INFO  com.revature.bankapp.dao.impl.CustomerDaoImpl  - Start
[http-nio-8080-exec-9] 2021-10-11 10:22:05 DEBUG com.revature.bankapp.dao.impl.CustomerDaoImpl  - Customer [ firstName=sahithhh, lastName=sahhii, email=sajsjak@gmail.com, password=Sahirun@45, phoneNumber=87638864]
[http-nio-8080-exec-9] 2021-10-11 10:22:05 INFO  com.revature.bankapp.dao.Util  - Start
[http-nio-8080-exec-9] 2021-10-11 10:22:05 INFO  com.revature.bankapp.controller.CustomerController  - End
[http-nio-8080-exec-2] 2021-10-11 10:29:52 INFO  com.revature.bankapp.controller.CustomerController  - Start
[http-nio-8080-exec-2] 2021-10-11 10:29:52 DEBUG com.revature.bankapp.controller.CustomerController  - Customer [ firstName=s, lastName=sd, email=ds@gmail.com, password=Sahith@34, phoneNumber=2323232]
[http-nio-8080-exec-2] 2021-10-11 10:29:52 INFO  com.revature.bankapp.dao.impl.CustomerDaoImpl  - Start
[http-nio-8080-exec-2] 2021-10-11 10:29:52 DEBUG com.revature.bankapp.dao.impl.CustomerDaoImpl  - Customer [ firstName=s, lastName=sd, email=ds@gmail.com, password=Sahith@34, phoneNumber=2323232]
[http-nio-8080-exec-2] 2021-10-11 10:29:52 INFO  com.revature.bankapp.dao.Util  - Start
[http-nio-8080-exec-2] 2021-10-11 10:29:52 INFO  com.revature.bankapp.controller.CustomerController  - End
[http-nio-8080-exec-6] 2021-10-11 11:42:06 INFO  com.revature.bankapp.controller.CustomerController  - Start
[http-nio-8080-exec-6] 2021-10-11 11:42:06 DEBUG com.revature.bankapp.controller.CustomerController  - Customer [ firstName=kalana, lastName=kal, email=kal@gmail.com, password=Sahith@45, phoneNumber=73467643]
[http-nio-8080-exec-6] 2021-10-11 11:42:06 INFO  com.revature.bankapp.dao.impl.CustomerDaoImpl  - Start
[http-nio-8080-exec-6] 2021-10-11 11:42:06 DEBUG com.revature.bankapp.dao.impl.CustomerDaoImpl  - Customer [ firstName=kalana, lastName=kal, email=kal@gmail.com, password=Sahith@45, phoneNumber=73467643]
[http-nio-8080-exec-6] 2021-10-11 11:42:06 INFO  com.revature.bankapp.dao.Util  - Start
[http-nio-8080-exec-6] 2021-10-11 11:42:08 INFO  com.revature.bankapp.controller.CustomerController  - End
[http-nio-8080-exec-9] 2021-10-11 11:42:30 INFO  com.revature.bankapp.controller.CustomerController  - Start
[http-nio-8080-exec-9] 2021-10-11 11:42:30 DEBUG com.revature.bankapp.controller.CustomerController  - Customer [ firstName=kalana, lastName=kal, email=kal@gmail.com, password=Sahith@45, phoneNumber=73467643]
[http-nio-8080-exec-9] 2021-10-11 11:42:30 INFO  com.revature.bankapp.dao.impl.CustomerDaoImpl  - Start
[http-nio-8080-exec-9] 2021-10-11 11:42:30 DEBUG com.revature.bankapp.dao.impl.CustomerDaoImpl  - Customer [ firstName=kalana, lastName=kal, email=kal@gmail.com, password=Sahith@45, phoneNumber=73467643]
[http-nio-8080-exec-9] 2021-10-11 11:42:30 INFO  com.revature.bankapp.dao.Util  - Start
[http-nio-8080-exec-9] 2021-10-11 11:42:30 INFO  com.revature.bankapp.controller.CustomerController  - End
[http-nio-8080-exec-4] 2021-10-11 13:18:58 INFO  com.revature.bankapp.dao.Util  - Start
[http-nio-8080-exec-5] 2021-10-11 13:19:01 INFO  com.revature.bankapp.dao.Util  - Start
[http-nio-8080-exec-7] 2021-10-11 13:20:28 INFO  com.revature.bankapp.dao.Util  - Start
[http-nio-8080-exec-8] 2021-10-11 13:20:30 INFO  com.revature.bankapp.dao.Util  - Start
[http-nio-8080-exec-9] 2021-10-11 13:20:49 INFO  com.revature.bankapp.dao.Util  - Start
[http-nio-8080-exec-1] 2021-10-11 13:21:35 INFO  com.revature.bankapp.dao.Util  - Start
[http-nio-8080-exec-3] 2021-10-11 13:21:59 INFO  com.revature.bankapp.dao.Util  - Start
[http-nio-8080-exec-6] 2021-10-11 13:22:22 INFO  com.revature.bankapp.dao.Util  - Start
[http-nio-8080-exec-7] 2021-10-11 13:22:24 INFO  com.revature.bankapp.dao.Util  - Start
[http-nio-8080-exec-10] 2021-10-11 13:31:28 INFO  com.revature.bankapp.controller.CustomerController  - Start
[http-nio-8080-exec-10] 2021-10-11 13:31:28 DEBUG com.revature.bankapp.controller.CustomerController  - Account [accountNumber=, balance=0.0, customerId=0, First_Name=null, Last_Name=null, Email=null, id=0]
[http-nio-8080-exec-10] 2021-10-11 13:31:28 INFO  com.revature.bankapp.dao.Util  - Start
[http-nio-8080-exec-10] 2021-10-11 13:31:28 INFO  com.revature.bankapp.controller.CustomerController  - End
[http-nio-8080-exec-4] 2021-10-11 13:56:15 INFO  com.revature.bankapp.dao.Util  - Start
[http-nio-8080-exec-5] 2021-10-11 13:56:16 INFO  com.revature.bankapp.dao.Util  - Start
[http-nio-8080-exec-7] 2021-10-11 13:58:58 INFO  com.revature.bankapp.dao.Util  - Start
[http-nio-8080-exec-8] 2021-10-11 13:59:00 INFO  com.revature.bankapp.dao.Util  - Start
[http-nio-8080-exec-10] 2021-10-11 13:59:26 INFO  com.revature.bankapp.dao.Util  - Start
[http-nio-8080-exec-1] 2021-10-11 13:59:37 INFO  com.revature.bankapp.dao.Util  - Start
[http-nio-8080-exec-3] 2021-10-11 14:02:29 INFO  com.revature.bankapp.dao.Util  - Start
[http-nio-8080-exec-4] 2021-10-11 14:02:40 INFO  com.revature.bankapp.dao.Util  - Start
[http-nio-8080-exec-6] 2021-10-11 14:03:16 INFO  com.revature.bankapp.dao.Util  - Start
[http-nio-8080-exec-8] 2021-10-11 14:03:28 INFO  com.revature.bankapp.dao.Util  - Start
[http-nio-8080-exec-9] 2021-10-11 14:03:31 INFO  com.revature.bankapp.dao.Util  - Start
[http-nio-8080-exec-10] 2021-10-11 14:03:31 INFO  com.revature.bankapp.dao.Util  - Start
[http-nio-8080-exec-1] 2021-10-11 14:03:46 INFO  com.revature.bankapp.dao.Util  - Start
[http-nio-8080-exec-2] 2021-10-11 14:04:03 INFO  com.revature.bankapp.dao.Util  - Start
[http-nio-8080-exec-4] 2021-10-11 14:05:42 INFO  com.revature.bankapp.dao.Util  - Start
[http-nio-8080-exec-6] 2021-10-11 14:07:23 INFO  com.revature.bankapp.dao.Util  - Start
[http-nio-8080-exec-7] 2021-10-11 14:07:23 INFO  com.revature.bankapp.dao.Util  - Start
[http-nio-8080-exec-9] 2021-10-11 14:07:32 INFO  com.revature.bankapp.dao.Util  - Start
[http-nio-8080-exec-1] 2021-10-11 14:08:10 INFO  com.revature.bankapp.dao.Util  - Start
[http-nio-8080-exec-2] 2021-10-11 14:08:25 INFO  com.revature.bankapp.dao.Util  - Start
[http-nio-8080-exec-3] 2021-10-11 14:08:44 INFO  com.revature.bankapp.dao.Util  - Start
[http-nio-8080-exec-4] 2021-10-11 14:09:02 INFO  com.revature.bankapp.dao.Util  - Start
[http-nio-8080-exec-5] 2021-10-11 14:09:13 INFO  com.revature.bankapp.dao.Util  - Start
[http-nio-8080-exec-6] 2021-10-11 14:09:22 INFO  com.revature.bankapp.dao.Util  - Start
[http-nio-8080-exec-7] 2021-10-11 14:09:30 INFO  com.revature.bankapp.dao.Util  - Start
[http-nio-8080-exec-9] 2021-10-11 14:09:55 INFO  com.revature.bankapp.dao.Util  - Start
[http-nio-8080-exec-1] 2021-10-11 14:10:16 INFO  com.revature.bankapp.dao.Util  - Start
[http-nio-8080-exec-2] 2021-10-11 14:10:31 INFO  com.revature.bankapp.dao.Util  - Start
[http-nio-8080-exec-3] 2021-10-11 14:10:42 INFO  com.revature.bankapp.dao.Util  - Start
[http-nio-8080-exec-4] 2021-10-11 14:10:50 INFO  com.revature.bankapp.dao.Util  - Start
[http-nio-8080-exec-5] 2021-10-11 14:10:59 INFO  com.revature.bankapp.dao.Util  - Start
[http-nio-8080-exec-7] 2021-10-11 14:11:13 INFO  com.revature.bankapp.dao.Util  - Start
[http-nio-8080-exec-9] 2021-10-11 14:11:34 INFO  com.revature.bankapp.dao.Util  - Start
[http-nio-8080-exec-10] 2021-10-11 14:11:51 INFO  com.revature.bankapp.dao.Util  - Start
[http-nio-8080-exec-2] 2021-10-11 14:12:30 INFO  com.revature.bankapp.dao.Util  - Start
[http-nio-8080-exec-3] 2021-10-11 14:12:47 INFO  com.revature.bankapp.dao.Util  - Start
[http-nio-8080-exec-4] 2021-10-11 14:13:02 INFO  com.revature.bankapp.dao.Util  - Start
